2025-10-07 14:26:42.036685100000 [$pid(ThreadId 5)] ERROR APP - user error (<getModule> loaded module can not find from path. <c:\Users\Samir\Desktop\code\haskell\expression_parser\app\Main.hs> [("AST","app\\AST.hs"),("Parsing","app\\Parsing.hs")])
2025-10-07 14:26:42.072614700000 [$pid(ThreadId 5)] ERROR APP - start debugging failed. user error (ExecResult not found.) : Left "user error (ExecResult not found.)"
2025-10-07 14:27:27.966251700000 [$pid(ThreadId 5)] ERROR APP - user error (<getModule> loaded module can not find from path. <c:\Users\Samir\Desktop\code\haskell\expression_parser\app\Main.hs> [("AST","app\\AST.hs"),("Parsing","app\\Parsing.hs"),("RuntimeData","app\\RuntimeData.hs")])
2025-10-07 14:27:27.988113400000 [$pid(ThreadId 5)] ERROR APP - start debugging failed. user error (ExecResult not found.) : Left "user error (ExecResult not found.)"
2025-10-07 14:32:10.664869300000 [$pid(ThreadId 5)] ERROR APP - user error (no stacktrace found.)
2025-10-07 14:32:10.696371100000 [$pid(ThreadId 5)] ERROR APP - user error (no stacktrace found.)
2025-10-07 14:32:15.546715000000 [$pid(ThreadId 5)] ERROR APP - user error (ExecResult not found.)
2025-10-07 14:32:51.727757100000 [$pid(ThreadId 5)] ERROR APP - user error (no stacktrace found.)
2025-10-07 14:32:51.774631600000 [$pid(ThreadId 5)] ERROR APP - user error (no stacktrace found.)
2025-10-07 14:32:52.070025400000 [$pid(ThreadId 5)] ERROR APP - user error (ExecResult not found.)
2025-10-11 14:20:28.105352400000 [$pid(ThreadId 5)] ERROR APP - user error (no stacktrace found.)
2025-10-11 14:20:28.117348200000 [$pid(ThreadId 5)] ERROR APP - user error (no stacktrace found.)
2025-10-11 14:20:30.872505200000 [$pid(ThreadId 5)] ERROR APP - user error (ExecResult not found.)
2025-11-01 16:46:25.428295400000 [$pid(ThreadId 5)] ERROR APP - user error (no stacktrace found.)
2025-11-01 16:46:25.457287400000 [$pid(ThreadId 5)] ERROR APP - user error (no stacktrace found.)
2025-11-01 16:46:26.872943100000 [$pid(ThreadId 5)] ERROR APP - user error (ExecResult not found.)
2025-11-01 16:47:17.275117700000 [$pid(ThreadId 5)] ERROR APP - user error (no stacktrace found.)
2025-11-01 16:47:17.321775300000 [$pid(ThreadId 5)] ERROR APP - user error (no stacktrace found.)
2025-11-01 16:47:20.102482000000 [$pid(ThreadId 5)] ERROR APP - user error (ExecResult not found.)
2025-11-02 19:40:56.838767500000 [$pid(ThreadId 5)] ERROR APP - user error (no stacktrace found.)
2025-11-02 19:40:56.850008000000 [$pid(ThreadId 5)] ERROR APP - user error (no stacktrace found.)
2025-11-02 19:40:59.781591800000 [$pid(ThreadId 5)] ERROR APP - user error (ExecResult not found.)
2025-11-02 19:41:39.247630800000 [$pid(ThreadId 5)] ERROR APP - user error (no stacktrace found.)
2025-11-02 19:41:39.277874300000 [$pid(ThreadId 5)] ERROR APP - user error (no stacktrace found.)
2025-11-02 19:41:41.161235400000 [$pid(ThreadId 5)] ERROR APP - user error (ExecResult not found.)
2025-11-03 17:23:02.973126200000 [$pid(ThreadId 5)] ERROR APP - user error (no stacktrace found.)
2025-11-03 17:23:03.035479300000 [$pid(ThreadId 5)] ERROR APP - user error (no stacktrace found.)
2025-11-03 17:23:06.869805300000 [$pid(ThreadId 5)] ERROR APP - user error (ExecResult not found.)
2025-11-03 17:34:42.652915600000 [$pid(ThreadId 5)] ERROR APP - start debugging failed. user error (ExecResult not found.) : Left "user error (ExecResult not found.)"
2025-11-03 17:35:13.002804900000 [$pid(ThreadId 5)] ERROR APP - start debugging failed. user error (ExecResult not found.) : Left "user error (ExecResult not found.)"
2025-11-03 17:48:53.473574800000 [$pid(ThreadId 5)] ERROR APP - user error (no stacktrace found.)
2025-11-03 17:48:53.487615400000 [$pid(ThreadId 5)] ERROR APP - user error (no stacktrace found.)
2025-11-03 17:49:00.131459700000 [$pid(ThreadId 5)] ERROR APP - user error (ExecResult not found.)
2025-11-03 17:50:22.388199400000 [$pid(ThreadId 5)] ERROR APP - user error (no stacktrace found.)
2025-11-03 17:50:22.418296600000 [$pid(ThreadId 5)] ERROR APP - user error (no stacktrace found.)
2025-11-03 17:50:24.315896400000 [$pid(ThreadId 5)] ERROR APP - user error (ExecResult not found.)
2025-11-03 20:18:50.146139100000 [$pid(ThreadId 5)] ERROR APP - user error (no stacktrace found.)
2025-11-03 20:18:50.192065300000 [$pid(ThreadId 5)] ERROR APP - user error (no stacktrace found.)
2025-11-03 20:18:52.919451400000 [$pid(ThreadId 5)] ERROR APP - user error (ExecResult not found.)
2025-11-03 20:40:57.226678200000 [$pid(ThreadId 5)] ERROR APP - user error (no stacktrace found.)
2025-11-03 20:40:57.273060200000 [$pid(ThreadId 5)] ERROR APP - user error (no stacktrace found.)
2025-11-03 20:40:59.044558700000 [$pid(ThreadId 5)] ERROR APP - user error (ExecResult not found.)
